2025-04-30 05:20:12,043 - INFO - Starting feature analysis...
2025-04-30 05:20:12,043 - INFO - Loading dataset...
2025-04-30 05:20:12,187 - INFO - Performing basic data exploration...
2025-04-30 05:20:12,260 - INFO - Analyzing feature distributions...
2025-04-30 05:21:19,434 - INFO - Analyzing categorical features...
2025-04-30 05:21:19,489 - INFO - Using categorical units to plot a list of strings that are all parsable as floats or dates. If these strings should be plotted as numbers, cast to the appropriate data type before plotting.
2025-04-30 05:21:19,493 - INFO - Using categorical units to plot a list of strings that are all parsable as floats or dates. If these strings should be plotted as numbers, cast to the appropriate data type before plotting.
2025-04-30 05:21:19,622 - INFO - Using categorical units to plot a list of strings that are all parsable as floats or dates. If these strings should be plotted as numbers, cast to the appropriate data type before plotting.
2025-04-30 05:21:19,624 - INFO - Using categorical units to plot a list of strings that are all parsable as floats or dates. If these strings should be plotted as numbers, cast to the appropriate data type before plotting.
2025-04-30 05:21:19,732 - INFO - Using categorical units to plot a list of strings that are all parsable as floats or dates. If these strings should be plotted as numbers, cast to the appropriate data type before plotting.
2025-04-30 05:21:19,733 - INFO - Using categorical units to plot a list of strings that are all parsable as floats or dates. If these strings should be plotted as numbers, cast to the appropriate data type before plotting.
2025-04-30 05:21:19,804 - INFO - Using categorical units to plot a list of strings that are all parsable as floats or dates. If these strings should be plotted as numbers, cast to the appropriate data type before plotting.
2025-04-30 05:21:19,806 - INFO - Using categorical units to plot a list of strings that are all parsable as floats or dates. If these strings should be plotted as numbers, cast to the appropriate data type before plotting.
2025-04-30 05:21:20,062 - INFO - Analyzing correlations...
2025-04-30 05:21:25,387 - INFO - Analyzing severity relationships...
2025-04-30 06:03:56,472 - INFO - Using categorical units to plot a list of strings that are all parsable as floats or dates. If these strings should be plotted as numbers, cast to the appropriate data type before plotting.
2025-04-30 06:03:56,499 - INFO - Using categorical units to plot a list of strings that are all parsable as floats or dates. If these strings should be plotted as numbers, cast to the appropriate data type before plotting.
2025-04-30 06:03:57,423 - INFO - Using categorical units to plot a list of strings that are all parsable as floats or dates. If these strings should be plotted as numbers, cast to the appropriate data type before plotting.
2025-04-30 06:03:57,453 - INFO - Using categorical units to plot a list of strings that are all parsable as floats or dates. If these strings should be plotted as numbers, cast to the appropriate data type before plotting.
2025-04-30 06:06:18,616 - INFO - Performing PCA analysis...
2025-04-30 06:06:18,802 - INFO - Feature analysis completed. Results saved in feature_analysis_results directory.
